<?xml version="1.0" encoding="utf-8"?><testsuites><testsuite name="pytest" errors="0" failures="0" skipped="0" tests="6" time="3.964" timestamp="2023-04-28T14:53:09.924343" hostname="engine"><testcase classname="workspace.skytag_release_0.2.0.skytag.commonutils.tests.test_prob_at_location.test_prob_at_location" name="test_mixed_len_function_exception" time="2.267" /><testcase classname="workspace.skytag_release_0.2.0.skytag.commonutils.tests.test_prob_at_location.test_prob_at_location" name="test_prob_at_location_function" time="0.046" /><testcase classname="workspace.skytag_release_0.2.0.skytag.commonutils.tests.test_prob_at_location.test_prob_at_location" name="test_prob_at_location_function2" time="0.044" /><testcase classname="workspace.skytag_release_0.2.0.skytag.commonutils.tests.test_prob_at_location.test_prob_at_location" name="test_prob_at_location_function_exception" time="0.001" /><testcase classname="workspace.skytag_release_0.2.0.skytag.commonutils.tests.test_prob_at_location.test_prob_at_location" name="test_prob_only_at_location_function" time="0.044" /><testcase classname="workspace.skytag_release_0.2.0.skytag.tests.test_cl_utils.test_cl_utils" name="test_init" time="0.116" /></testsuite></testsuites>