<?xml version="1.0" encoding="utf-8"?><testsuites><testsuite name="pytest" errors="0" failures="0" skipped="0" tests="9" time="3.829" timestamp="2023-05-30T09:30:34.423581" hostname="engine"><testcase classname="workspace.skytag_release_0.3.1.skytag.commonutils.tests.test_prob_at_location.test_prob_at_location" name="test_bayestar_map_distance_function" time="2.002" /><testcase classname="workspace.skytag_release_0.3.1.skytag.commonutils.tests.test_prob_at_location.test_prob_at_location" name="test_bilby_map_distance_function" time="0.033" /><testcase classname="workspace.skytag_release_0.3.1.skytag.commonutils.tests.test_prob_at_location.test_prob_at_location" name="test_bilby_map_function" time="0.033" /><testcase classname="workspace.skytag_release_0.3.1.skytag.commonutils.tests.test_prob_at_location.test_prob_at_location" name="test_mixed_len_function_exception" time="0.048" /><testcase classname="workspace.skytag_release_0.3.1.skytag.commonutils.tests.test_prob_at_location.test_prob_at_location" name="test_prob_at_location_function" time="0.045" /><testcase classname="workspace.skytag_release_0.3.1.skytag.commonutils.tests.test_prob_at_location.test_prob_at_location" name="test_prob_at_location_function2" time="0.045" /><testcase classname="workspace.skytag_release_0.3.1.skytag.commonutils.tests.test_prob_at_location.test_prob_at_location" name="test_prob_at_location_function_exception" time="0.001" /><testcase classname="workspace.skytag_release_0.3.1.skytag.commonutils.tests.test_prob_at_location.test_prob_at_location" name="test_prob_only_at_location_function" time="0.045" /><testcase classname="workspace.skytag_release_0.3.1.skytag.tests.test_cl_utils.test_cl_utils" name="test_init" time="0.114" /></testsuite></testsuites>